2022-Sep-22 09:19:26,031 [main] com.baseClass.Log 
  INFO  This is BeforeSuitMethod
2022-Sep-22 09:19:26,225 [main] io.netty.util.internal.logging.InternalLoggerFactory 
  DEBUG Using Log4J as the default logging framework
2022-Sep-22 09:19:26,230 [main] io.netty.util.ResourceLeakDetector 
  DEBUG -Dio.netty.leakDetection.level: simple
2022-Sep-22 09:19:26,230 [main] io.netty.util.ResourceLeakDetector 
  DEBUG -Dio.netty.leakDetection.targetRecords: 4
2022-Sep-22 09:19:26,234 [main] io.netty.util.ResourceLeakDetectorFactory 
  DEBUG Loaded default ResourceLeakDetector: io.netty.util.ResourceLeakDetector@6f3187b0
2022-Sep-22 09:19:26,253 [main] io.netty.util.internal.PlatformDependent0 
  DEBUG -Dio.netty.noUnsafe: false
2022-Sep-22 09:19:26,253 [main] io.netty.util.internal.PlatformDependent0 
  DEBUG Java version: 18
2022-Sep-22 09:19:26,254 [main] io.netty.util.internal.PlatformDependent0 
  DEBUG sun.misc.Unsafe.theUnsafe: available
2022-Sep-22 09:19:26,256 [main] io.netty.util.internal.PlatformDependent0 
  DEBUG sun.misc.Unsafe.copyMemory: available
2022-Sep-22 09:19:26,257 [main] io.netty.util.internal.PlatformDependent0 
  DEBUG java.nio.Buffer.address: available
2022-Sep-22 09:19:26,257 [main] io.netty.util.internal.PlatformDependent0 
  DEBUG direct buffer constructor: unavailable: Reflective setAccessible(true) disabled
2022-Sep-22 09:19:26,258 [main] io.netty.util.internal.PlatformDependent0 
  DEBUG java.nio.Bits.unaligned: available, true
2022-Sep-22 09:19:26,259 [main] io.netty.util.internal.PlatformDependent0 
  DEBUG jdk.internal.misc.Unsafe.allocateUninitializedArray(int): unavailable: class io.netty.util.internal.PlatformDependent0$6 cannot access class jdk.internal.misc.Unsafe (in module java.base) because module java.base does not export jdk.internal.misc to unnamed module @497470ed
2022-Sep-22 09:19:26,261 [main] io.netty.util.internal.PlatformDependent0 
  DEBUG java.nio.DirectByteBuffer.<init>(long, int): unavailable
2022-Sep-22 09:19:26,261 [main] io.netty.util.internal.PlatformDependent 
  DEBUG sun.misc.Unsafe: available
2022-Sep-22 09:19:26,280 [main] io.netty.util.internal.PlatformDependent 
  DEBUG maxDirectMemory: 2080374784 bytes (maybe)
2022-Sep-22 09:19:26,281 [main] io.netty.util.internal.PlatformDependent 
  DEBUG -Dio.netty.tmpdir: C:\Users\KISHOR~1\AppData\Local\Temp (java.io.tmpdir)
2022-Sep-22 09:19:26,281 [main] io.netty.util.internal.PlatformDependent 
  DEBUG -Dio.netty.bitMode: 64 (sun.arch.data.model)
2022-Sep-22 09:19:26,282 [main] io.netty.util.internal.PlatformDependent 
  DEBUG Platform: Windows
2022-Sep-22 09:19:26,282 [main] io.netty.util.internal.PlatformDependent 
  DEBUG -Dio.netty.maxDirectMemory: -1 bytes
2022-Sep-22 09:19:26,282 [main] io.netty.util.internal.PlatformDependent 
  DEBUG -Dio.netty.uninitializedArrayAllocationThreshold: -1
2022-Sep-22 09:19:26,283 [main] io.netty.util.internal.CleanerJava9 
  DEBUG java.nio.ByteBuffer.cleaner(): available
2022-Sep-22 09:19:26,283 [main] io.netty.util.internal.PlatformDependent 
  DEBUG -Dio.netty.noPreferDirect: false
2022-Sep-22 09:19:26,290 [main] io.netty.util.internal.PlatformDependent 
  DEBUG org.jctools-core.MpscChunkedArrayQueue: available
2022-Sep-22 09:19:26,313 [main] io.netty.util.internal.InternalThreadLocalMap 
  DEBUG -Dio.netty.threadLocalMap.stringBuilder.initialSize: 1024
2022-Sep-22 09:19:26,313 [main] io.netty.util.internal.InternalThreadLocalMap 
  DEBUG -Dio.netty.threadLocalMap.stringBuilder.maxSize: 4096
2022-Sep-22 09:19:26,487 [main] io.netty.handler.ssl.JdkSslContext 
  DEBUG Default protocols (JDK): [TLSv1.3, TLSv1.2] 
2022-Sep-22 09:19:26,487 [main] io.netty.handler.ssl.JdkSslContext 
  DEBUG Default cipher suites (JDK): [TLS_ECDHE_ECDSA_WITH_AES_256_GCM_SHA384, TLS_ECDHE_ECDSA_WITH_AES_128_GCM_SHA256, TLS_ECDHE_RSA_WITH_AES_128_GCM_SHA256, TLS_ECDHE_RSA_WITH_AES_256_GCM_SHA384, TLS_ECDHE_RSA_WITH_AES_128_CBC_SHA, TLS_ECDHE_RSA_WITH_AES_256_CBC_SHA, TLS_RSA_WITH_AES_128_GCM_SHA256, TLS_RSA_WITH_AES_128_CBC_SHA, TLS_RSA_WITH_AES_256_CBC_SHA, TLS_AES_128_GCM_SHA256, TLS_AES_256_GCM_SHA384]
2022-Sep-22 09:19:26,513 [main] io.netty.channel.MultithreadEventLoopGroup 
  DEBUG -Dio.netty.eventLoopThreads: 8
2022-Sep-22 09:19:26,522 [main] io.netty.channel.nio.NioEventLoop 
  DEBUG -Dio.netty.noKeySetOptimization: false
2022-Sep-22 09:19:26,522 [main] io.netty.channel.nio.NioEventLoop 
  DEBUG -Dio.netty.selectorAutoRebuildThreshold: 512
2022-Sep-22 09:19:26,559 [main] io.netty.buffer.PooledByteBufAllocator 
  DEBUG -Dio.netty.allocator.numHeapArenas: 8
2022-Sep-22 09:19:26,559 [main] io.netty.buffer.PooledByteBufAllocator 
  DEBUG -Dio.netty.allocator.numDirectArenas: 8
2022-Sep-22 09:19:26,559 [main] io.netty.buffer.PooledByteBufAllocator 
  DEBUG -Dio.netty.allocator.pageSize: 8192
2022-Sep-22 09:19:26,559 [main] io.netty.buffer.PooledByteBufAllocator 
  DEBUG -Dio.netty.allocator.maxOrder: 11
2022-Sep-22 09:19:26,559 [main] io.netty.buffer.PooledByteBufAllocator 
  DEBUG -Dio.netty.allocator.chunkSize: 16777216
2022-Sep-22 09:19:26,559 [main] io.netty.buffer.PooledByteBufAllocator 
  DEBUG -Dio.netty.allocator.smallCacheSize: 256
2022-Sep-22 09:19:26,559 [main] io.netty.buffer.PooledByteBufAllocator 
  DEBUG -Dio.netty.allocator.normalCacheSize: 64
2022-Sep-22 09:19:26,559 [main] io.netty.buffer.PooledByteBufAllocator 
  DEBUG -Dio.netty.allocator.maxCachedBufferCapacity: 32768
2022-Sep-22 09:19:26,559 [main] io.netty.buffer.PooledByteBufAllocator 
  DEBUG -Dio.netty.allocator.cacheTrimInterval: 8192
2022-Sep-22 09:19:26,559 [main] io.netty.buffer.PooledByteBufAllocator 
  DEBUG -Dio.netty.allocator.cacheTrimIntervalMillis: 0
2022-Sep-22 09:19:26,559 [main] io.netty.buffer.PooledByteBufAllocator 
  DEBUG -Dio.netty.allocator.useCacheForAllThreads: true
2022-Sep-22 09:19:26,560 [main] io.netty.buffer.PooledByteBufAllocator 
  DEBUG -Dio.netty.allocator.maxCachedByteBuffersPerChunk: 1023
2022-Sep-22 09:19:26,570 [main] io.netty.buffer.ByteBufUtil 
  DEBUG -Dio.netty.allocator.type: pooled
2022-Sep-22 09:19:26,570 [main] io.netty.buffer.ByteBufUtil 
  DEBUG -Dio.netty.threadLocalDirectBufferSize: 0
2022-Sep-22 09:19:26,570 [main] io.netty.buffer.ByteBufUtil 
  DEBUG -Dio.netty.maxThreadLocalCharBufferSize: 16384
2022-Sep-22 09:19:29,157 [Forwarding newSession on session null to remote] io.netty.channel.DefaultChannelId 
  DEBUG -Dio.netty.processId: 12152 (auto-detected)
2022-Sep-22 09:19:29,159 [Forwarding newSession on session null to remote] io.netty.util.NetUtil 
  DEBUG -Djava.net.preferIPv4Stack: false
2022-Sep-22 09:19:29,159 [Forwarding newSession on session null to remote] io.netty.util.NetUtil 
  DEBUG -Djava.net.preferIPv6Addresses: false
2022-Sep-22 09:19:29,171 [Forwarding newSession on session null to remote] io.netty.util.NetUtilInitializations 
  DEBUG Loopback interface: lo (Software Loopback Interface 1, 127.0.0.1)
2022-Sep-22 09:19:29,172 [Forwarding newSession on session null to remote] io.netty.util.NetUtil 
  DEBUG Failed to get SOMAXCONN from sysctl and file \proc\sys\net\core\somaxconn. Default: 200
2022-Sep-22 09:19:29,193 [Forwarding newSession on session null to remote] io.netty.channel.DefaultChannelId 
  DEBUG -Dio.netty.machineId: b4:b5:b6:ff:fe:ae:31:85 (auto-detected)
2022-Sep-22 09:19:29,242 [AsyncHttpClient-1-2] io.netty.buffer.AbstractByteBuf 
  DEBUG -Dio.netty.buffer.checkAccessible: true
2022-Sep-22 09:19:29,243 [AsyncHttpClient-1-2] io.netty.buffer.AbstractByteBuf 
  DEBUG -Dio.netty.buffer.checkBounds: true
2022-Sep-22 09:19:29,243 [AsyncHttpClient-1-2] io.netty.util.ResourceLeakDetectorFactory 
  DEBUG Loaded default ResourceLeakDetector: io.netty.util.ResourceLeakDetector@34bb10d2
2022-Sep-22 09:19:29,262 [AsyncHttpClient-1-2] io.netty.util.Recycler 
  DEBUG -Dio.netty.recycler.maxCapacityPerThread: 4096
2022-Sep-22 09:19:29,262 [AsyncHttpClient-1-2] io.netty.util.Recycler 
  DEBUG -Dio.netty.recycler.ratio: 8
2022-Sep-22 09:19:29,263 [AsyncHttpClient-1-2] io.netty.util.Recycler 
  DEBUG -Dio.netty.recycler.chunkSize: 32
2022-Sep-22 09:19:29,263 [AsyncHttpClient-1-2] io.netty.util.Recycler 
  DEBUG -Dio.netty.recycler.blocking: false
2022-Sep-22 09:19:30,275 [AsyncHttpClient-1-2] io.netty.handler.codec.compression.Brotli 
  DEBUG brotli4j not in the classpath; Brotli support will be unavailable.
2022-Sep-22 09:19:30,438 [main] io.netty.util.internal.ThreadLocalRandom 
  DEBUG -Dio.netty.initialSeedUniquifier: 0x528c2b7c80f911cd
2022-Sep-22 09:19:34,606 [main] com.baseClass.Log 
  INFO     wordPressTest test started successfully
2022-Sep-22 09:19:34,607 [main] com.baseClass.Log 
  INFO  Entering User name
2022-Sep-22 09:19:34,672 [main] com.baseClass.Log 
  INFO  This is AfterSuitMethod
2022-Sep-22 09:20:07,947 [main] com.baseClass.Log 
  INFO  This is BeforeSuitMethod
2022-Sep-22 09:20:08,112 [main] io.netty.util.internal.logging.InternalLoggerFactory 
  DEBUG Using Log4J as the default logging framework
2022-Sep-22 09:20:08,115 [main] io.netty.util.ResourceLeakDetector 
  DEBUG -Dio.netty.leakDetection.level: simple
2022-Sep-22 09:20:08,115 [main] io.netty.util.ResourceLeakDetector 
  DEBUG -Dio.netty.leakDetection.targetRecords: 4
2022-Sep-22 09:20:08,119 [main] io.netty.util.ResourceLeakDetectorFactory 
  DEBUG Loaded default ResourceLeakDetector: io.netty.util.ResourceLeakDetector@6f3187b0
2022-Sep-22 09:20:08,137 [main] io.netty.util.internal.PlatformDependent0 
  DEBUG -Dio.netty.noUnsafe: false
2022-Sep-22 09:20:08,138 [main] io.netty.util.internal.PlatformDependent0 
  DEBUG Java version: 18
2022-Sep-22 09:20:08,139 [main] io.netty.util.internal.PlatformDependent0 
  DEBUG sun.misc.Unsafe.theUnsafe: available
2022-Sep-22 09:20:08,140 [main] io.netty.util.internal.PlatformDependent0 
  DEBUG sun.misc.Unsafe.copyMemory: available
2022-Sep-22 09:20:08,140 [main] io.netty.util.internal.PlatformDependent0 
  DEBUG java.nio.Buffer.address: available
2022-Sep-22 09:20:08,141 [main] io.netty.util.internal.PlatformDependent0 
  DEBUG direct buffer constructor: unavailable: Reflective setAccessible(true) disabled
2022-Sep-22 09:20:08,141 [main] io.netty.util.internal.PlatformDependent0 
  DEBUG java.nio.Bits.unaligned: available, true
2022-Sep-22 09:20:08,142 [main] io.netty.util.internal.PlatformDependent0 
  DEBUG jdk.internal.misc.Unsafe.allocateUninitializedArray(int): unavailable: class io.netty.util.internal.PlatformDependent0$6 cannot access class jdk.internal.misc.Unsafe (in module java.base) because module java.base does not export jdk.internal.misc to unnamed module @497470ed
2022-Sep-22 09:20:08,143 [main] io.netty.util.internal.PlatformDependent0 
  DEBUG java.nio.DirectByteBuffer.<init>(long, int): unavailable
2022-Sep-22 09:20:08,143 [main] io.netty.util.internal.PlatformDependent 
  DEBUG sun.misc.Unsafe: available
2022-Sep-22 09:20:08,156 [main] io.netty.util.internal.PlatformDependent 
  DEBUG maxDirectMemory: 2080374784 bytes (maybe)
2022-Sep-22 09:20:08,157 [main] io.netty.util.internal.PlatformDependent 
  DEBUG -Dio.netty.tmpdir: C:\Users\KISHOR~1\AppData\Local\Temp (java.io.tmpdir)
2022-Sep-22 09:20:08,157 [main] io.netty.util.internal.PlatformDependent 
  DEBUG -Dio.netty.bitMode: 64 (sun.arch.data.model)
2022-Sep-22 09:20:08,158 [main] io.netty.util.internal.PlatformDependent 
  DEBUG Platform: Windows
2022-Sep-22 09:20:08,159 [main] io.netty.util.internal.PlatformDependent 
  DEBUG -Dio.netty.maxDirectMemory: -1 bytes
2022-Sep-22 09:20:08,159 [main] io.netty.util.internal.PlatformDependent 
  DEBUG -Dio.netty.uninitializedArrayAllocationThreshold: -1
2022-Sep-22 09:20:08,161 [main] io.netty.util.internal.CleanerJava9 
  DEBUG java.nio.ByteBuffer.cleaner(): available
2022-Sep-22 09:20:08,161 [main] io.netty.util.internal.PlatformDependent 
  DEBUG -Dio.netty.noPreferDirect: false
2022-Sep-22 09:20:08,170 [main] io.netty.util.internal.PlatformDependent 
  DEBUG org.jctools-core.MpscChunkedArrayQueue: available
2022-Sep-22 09:20:08,187 [main] io.netty.util.internal.InternalThreadLocalMap 
  DEBUG -Dio.netty.threadLocalMap.stringBuilder.initialSize: 1024
2022-Sep-22 09:20:08,187 [main] io.netty.util.internal.InternalThreadLocalMap 
  DEBUG -Dio.netty.threadLocalMap.stringBuilder.maxSize: 4096
2022-Sep-22 09:20:08,336 [main] io.netty.handler.ssl.JdkSslContext 
  DEBUG Default protocols (JDK): [TLSv1.3, TLSv1.2] 
2022-Sep-22 09:20:08,336 [main] io.netty.handler.ssl.JdkSslContext 
  DEBUG Default cipher suites (JDK): [TLS_ECDHE_ECDSA_WITH_AES_256_GCM_SHA384, TLS_ECDHE_ECDSA_WITH_AES_128_GCM_SHA256, TLS_ECDHE_RSA_WITH_AES_128_GCM_SHA256, TLS_ECDHE_RSA_WITH_AES_256_GCM_SHA384, TLS_ECDHE_RSA_WITH_AES_128_CBC_SHA, TLS_ECDHE_RSA_WITH_AES_256_CBC_SHA, TLS_RSA_WITH_AES_128_GCM_SHA256, TLS_RSA_WITH_AES_128_CBC_SHA, TLS_RSA_WITH_AES_256_CBC_SHA, TLS_AES_128_GCM_SHA256, TLS_AES_256_GCM_SHA384]
2022-Sep-22 09:20:08,357 [main] io.netty.channel.MultithreadEventLoopGroup 
  DEBUG -Dio.netty.eventLoopThreads: 8
2022-Sep-22 09:20:08,365 [main] io.netty.channel.nio.NioEventLoop 
  DEBUG -Dio.netty.noKeySetOptimization: false
2022-Sep-22 09:20:08,366 [main] io.netty.channel.nio.NioEventLoop 
  DEBUG -Dio.netty.selectorAutoRebuildThreshold: 512
2022-Sep-22 09:20:08,400 [main] io.netty.buffer.PooledByteBufAllocator 
  DEBUG -Dio.netty.allocator.numHeapArenas: 8
2022-Sep-22 09:20:08,400 [main] io.netty.buffer.PooledByteBufAllocator 
  DEBUG -Dio.netty.allocator.numDirectArenas: 8
2022-Sep-22 09:20:08,400 [main] io.netty.buffer.PooledByteBufAllocator 
  DEBUG -Dio.netty.allocator.pageSize: 8192
2022-Sep-22 09:20:08,400 [main] io.netty.buffer.PooledByteBufAllocator 
  DEBUG -Dio.netty.allocator.maxOrder: 11
2022-Sep-22 09:20:08,400 [main] io.netty.buffer.PooledByteBufAllocator 
  DEBUG -Dio.netty.allocator.chunkSize: 16777216
2022-Sep-22 09:20:08,400 [main] io.netty.buffer.PooledByteBufAllocator 
  DEBUG -Dio.netty.allocator.smallCacheSize: 256
2022-Sep-22 09:20:08,400 [main] io.netty.buffer.PooledByteBufAllocator 
  DEBUG -Dio.netty.allocator.normalCacheSize: 64
2022-Sep-22 09:20:08,400 [main] io.netty.buffer.PooledByteBufAllocator 
  DEBUG -Dio.netty.allocator.maxCachedBufferCapacity: 32768
2022-Sep-22 09:20:08,401 [main] io.netty.buffer.PooledByteBufAllocator 
  DEBUG -Dio.netty.allocator.cacheTrimInterval: 8192
2022-Sep-22 09:20:08,401 [main] io.netty.buffer.PooledByteBufAllocator 
  DEBUG -Dio.netty.allocator.cacheTrimIntervalMillis: 0
2022-Sep-22 09:20:08,401 [main] io.netty.buffer.PooledByteBufAllocator 
  DEBUG -Dio.netty.allocator.useCacheForAllThreads: true
2022-Sep-22 09:20:08,401 [main] io.netty.buffer.PooledByteBufAllocator 
  DEBUG -Dio.netty.allocator.maxCachedByteBuffersPerChunk: 1023
2022-Sep-22 09:20:08,409 [main] io.netty.buffer.ByteBufUtil 
  DEBUG -Dio.netty.allocator.type: pooled
2022-Sep-22 09:20:08,409 [main] io.netty.buffer.ByteBufUtil 
  DEBUG -Dio.netty.threadLocalDirectBufferSize: 0
2022-Sep-22 09:20:08,409 [main] io.netty.buffer.ByteBufUtil 
  DEBUG -Dio.netty.maxThreadLocalCharBufferSize: 16384
2022-Sep-22 09:20:08,669 [Forwarding newSession on session null to remote] io.netty.channel.DefaultChannelId 
  DEBUG -Dio.netty.processId: 12148 (auto-detected)
2022-Sep-22 09:20:08,671 [Forwarding newSession on session null to remote] io.netty.util.NetUtil 
  DEBUG -Djava.net.preferIPv4Stack: false
2022-Sep-22 09:20:08,671 [Forwarding newSession on session null to remote] io.netty.util.NetUtil 
  DEBUG -Djava.net.preferIPv6Addresses: false
2022-Sep-22 09:20:08,680 [Forwarding newSession on session null to remote] io.netty.util.NetUtilInitializations 
  DEBUG Loopback interface: lo (Software Loopback Interface 1, 127.0.0.1)
2022-Sep-22 09:20:08,681 [Forwarding newSession on session null to remote] io.netty.util.NetUtil 
  DEBUG Failed to get SOMAXCONN from sysctl and file \proc\sys\net\core\somaxconn. Default: 200
2022-Sep-22 09:20:08,702 [Forwarding newSession on session null to remote] io.netty.channel.DefaultChannelId 
  DEBUG -Dio.netty.machineId: b4:b5:b6:ff:fe:ae:31:85 (auto-detected)
2022-Sep-22 09:20:08,733 [AsyncHttpClient-1-2] io.netty.buffer.AbstractByteBuf 
  DEBUG -Dio.netty.buffer.checkAccessible: true
2022-Sep-22 09:20:08,733 [AsyncHttpClient-1-2] io.netty.buffer.AbstractByteBuf 
  DEBUG -Dio.netty.buffer.checkBounds: true
2022-Sep-22 09:20:08,733 [AsyncHttpClient-1-2] io.netty.util.ResourceLeakDetectorFactory 
  DEBUG Loaded default ResourceLeakDetector: io.netty.util.ResourceLeakDetector@78528801
2022-Sep-22 09:20:08,748 [AsyncHttpClient-1-2] io.netty.util.Recycler 
  DEBUG -Dio.netty.recycler.maxCapacityPerThread: 4096
2022-Sep-22 09:20:08,748 [AsyncHttpClient-1-2] io.netty.util.Recycler 
  DEBUG -Dio.netty.recycler.ratio: 8
2022-Sep-22 09:20:08,749 [AsyncHttpClient-1-2] io.netty.util.Recycler 
  DEBUG -Dio.netty.recycler.chunkSize: 32
2022-Sep-22 09:20:08,749 [AsyncHttpClient-1-2] io.netty.util.Recycler 
  DEBUG -Dio.netty.recycler.blocking: false
2022-Sep-22 09:20:09,548 [AsyncHttpClient-1-2] io.netty.handler.codec.compression.Brotli 
  DEBUG brotli4j not in the classpath; Brotli support will be unavailable.
2022-Sep-22 09:20:09,660 [main] io.netty.util.internal.ThreadLocalRandom 
  DEBUG -Dio.netty.initialSeedUniquifier: 0x6bbed11415342a2f
2022-Sep-22 09:20:14,967 [main] com.baseClass.Log 
  INFO     wordPressTest test started successfully
2022-Sep-22 09:20:14,967 [main] com.baseClass.Log 
  INFO  Entering User name
2022-Sep-22 09:20:15,008 [main] com.baseClass.Log 
  INFO  This is AfterSuitMethod
2022-Sep-22 09:21:37,121 [main] com.baseClass.Log 
  INFO  This is BeforeSuitMethod
2022-Sep-22 09:21:37,272 [main] io.netty.util.internal.logging.InternalLoggerFactory 
  DEBUG Using Log4J as the default logging framework
2022-Sep-22 09:21:37,276 [main] io.netty.util.ResourceLeakDetector 
  DEBUG -Dio.netty.leakDetection.level: simple
2022-Sep-22 09:21:37,276 [main] io.netty.util.ResourceLeakDetector 
  DEBUG -Dio.netty.leakDetection.targetRecords: 4
2022-Sep-22 09:21:37,279 [main] io.netty.util.ResourceLeakDetectorFactory 
  DEBUG Loaded default ResourceLeakDetector: io.netty.util.ResourceLeakDetector@6f3187b0
2022-Sep-22 09:21:37,300 [main] io.netty.util.internal.PlatformDependent0 
  DEBUG -Dio.netty.noUnsafe: false
2022-Sep-22 09:21:37,300 [main] io.netty.util.internal.PlatformDependent0 
  DEBUG Java version: 18
2022-Sep-22 09:21:37,301 [main] io.netty.util.internal.PlatformDependent0 
  DEBUG sun.misc.Unsafe.theUnsafe: available
2022-Sep-22 09:21:37,302 [main] io.netty.util.internal.PlatformDependent0 
  DEBUG sun.misc.Unsafe.copyMemory: available
2022-Sep-22 09:21:37,302 [main] io.netty.util.internal.PlatformDependent0 
  DEBUG java.nio.Buffer.address: available
2022-Sep-22 09:21:37,303 [main] io.netty.util.internal.PlatformDependent0 
  DEBUG direct buffer constructor: unavailable: Reflective setAccessible(true) disabled
2022-Sep-22 09:21:37,303 [main] io.netty.util.internal.PlatformDependent0 
  DEBUG java.nio.Bits.unaligned: available, true
2022-Sep-22 09:21:37,305 [main] io.netty.util.internal.PlatformDependent0 
  DEBUG jdk.internal.misc.Unsafe.allocateUninitializedArray(int): unavailable: class io.netty.util.internal.PlatformDependent0$6 cannot access class jdk.internal.misc.Unsafe (in module java.base) because module java.base does not export jdk.internal.misc to unnamed module @497470ed
2022-Sep-22 09:21:37,306 [main] io.netty.util.internal.PlatformDependent0 
  DEBUG java.nio.DirectByteBuffer.<init>(long, int): unavailable
2022-Sep-22 09:21:37,306 [main] io.netty.util.internal.PlatformDependent 
  DEBUG sun.misc.Unsafe: available
2022-Sep-22 09:21:37,320 [main] io.netty.util.internal.PlatformDependent 
  DEBUG maxDirectMemory: 2080374784 bytes (maybe)
2022-Sep-22 09:21:37,321 [main] io.netty.util.internal.PlatformDependent 
  DEBUG -Dio.netty.tmpdir: C:\Users\KISHOR~1\AppData\Local\Temp (java.io.tmpdir)
2022-Sep-22 09:21:37,321 [main] io.netty.util.internal.PlatformDependent 
  DEBUG -Dio.netty.bitMode: 64 (sun.arch.data.model)
2022-Sep-22 09:21:37,321 [main] io.netty.util.internal.PlatformDependent 
  DEBUG Platform: Windows
2022-Sep-22 09:21:37,322 [main] io.netty.util.internal.PlatformDependent 
  DEBUG -Dio.netty.maxDirectMemory: -1 bytes
2022-Sep-22 09:21:37,322 [main] io.netty.util.internal.PlatformDependent 
  DEBUG -Dio.netty.uninitializedArrayAllocationThreshold: -1
2022-Sep-22 09:21:37,323 [main] io.netty.util.internal.CleanerJava9 
  DEBUG java.nio.ByteBuffer.cleaner(): available
2022-Sep-22 09:21:37,323 [main] io.netty.util.internal.PlatformDependent 
  DEBUG -Dio.netty.noPreferDirect: false
2022-Sep-22 09:21:37,330 [main] io.netty.util.internal.PlatformDependent 
  DEBUG org.jctools-core.MpscChunkedArrayQueue: available
2022-Sep-22 09:21:37,354 [main] io.netty.util.internal.InternalThreadLocalMap 
  DEBUG -Dio.netty.threadLocalMap.stringBuilder.initialSize: 1024
2022-Sep-22 09:21:37,354 [main] io.netty.util.internal.InternalThreadLocalMap 
  DEBUG -Dio.netty.threadLocalMap.stringBuilder.maxSize: 4096
2022-Sep-22 09:21:37,525 [main] io.netty.handler.ssl.JdkSslContext 
  DEBUG Default protocols (JDK): [TLSv1.3, TLSv1.2] 
2022-Sep-22 09:21:37,525 [main] io.netty.handler.ssl.JdkSslContext 
  DEBUG Default cipher suites (JDK): [TLS_ECDHE_ECDSA_WITH_AES_256_GCM_SHA384, TLS_ECDHE_ECDSA_WITH_AES_128_GCM_SHA256, TLS_ECDHE_RSA_WITH_AES_128_GCM_SHA256, TLS_ECDHE_RSA_WITH_AES_256_GCM_SHA384, TLS_ECDHE_RSA_WITH_AES_128_CBC_SHA, TLS_ECDHE_RSA_WITH_AES_256_CBC_SHA, TLS_RSA_WITH_AES_128_GCM_SHA256, TLS_RSA_WITH_AES_128_CBC_SHA, TLS_RSA_WITH_AES_256_CBC_SHA, TLS_AES_128_GCM_SHA256, TLS_AES_256_GCM_SHA384]
2022-Sep-22 09:21:37,550 [main] io.netty.channel.MultithreadEventLoopGroup 
  DEBUG -Dio.netty.eventLoopThreads: 8
2022-Sep-22 09:21:37,560 [main] io.netty.channel.nio.NioEventLoop 
  DEBUG -Dio.netty.noKeySetOptimization: false
2022-Sep-22 09:21:37,560 [main] io.netty.channel.nio.NioEventLoop 
  DEBUG -Dio.netty.selectorAutoRebuildThreshold: 512
2022-Sep-22 09:21:37,596 [main] io.netty.buffer.PooledByteBufAllocator 
  DEBUG -Dio.netty.allocator.numHeapArenas: 8
2022-Sep-22 09:21:37,596 [main] io.netty.buffer.PooledByteBufAllocator 
  DEBUG -Dio.netty.allocator.numDirectArenas: 8
2022-Sep-22 09:21:37,596 [main] io.netty.buffer.PooledByteBufAllocator 
  DEBUG -Dio.netty.allocator.pageSize: 8192
2022-Sep-22 09:21:37,596 [main] io.netty.buffer.PooledByteBufAllocator 
  DEBUG -Dio.netty.allocator.maxOrder: 11
2022-Sep-22 09:21:37,596 [main] io.netty.buffer.PooledByteBufAllocator 
  DEBUG -Dio.netty.allocator.chunkSize: 16777216
2022-Sep-22 09:21:37,596 [main] io.netty.buffer.PooledByteBufAllocator 
  DEBUG -Dio.netty.allocator.smallCacheSize: 256
2022-Sep-22 09:21:37,596 [main] io.netty.buffer.PooledByteBufAllocator 
  DEBUG -Dio.netty.allocator.normalCacheSize: 64
2022-Sep-22 09:21:37,596 [main] io.netty.buffer.PooledByteBufAllocator 
  DEBUG -Dio.netty.allocator.maxCachedBufferCapacity: 32768
2022-Sep-22 09:21:37,596 [main] io.netty.buffer.PooledByteBufAllocator 
  DEBUG -Dio.netty.allocator.cacheTrimInterval: 8192
2022-Sep-22 09:21:37,596 [main] io.netty.buffer.PooledByteBufAllocator 
  DEBUG -Dio.netty.allocator.cacheTrimIntervalMillis: 0
2022-Sep-22 09:21:37,596 [main] io.netty.buffer.PooledByteBufAllocator 
  DEBUG -Dio.netty.allocator.useCacheForAllThreads: true
2022-Sep-22 09:21:37,597 [main] io.netty.buffer.PooledByteBufAllocator 
  DEBUG -Dio.netty.allocator.maxCachedByteBuffersPerChunk: 1023
2022-Sep-22 09:21:37,606 [main] io.netty.buffer.ByteBufUtil 
  DEBUG -Dio.netty.allocator.type: pooled
2022-Sep-22 09:21:37,606 [main] io.netty.buffer.ByteBufUtil 
  DEBUG -Dio.netty.threadLocalDirectBufferSize: 0
2022-Sep-22 09:21:37,606 [main] io.netty.buffer.ByteBufUtil 
  DEBUG -Dio.netty.maxThreadLocalCharBufferSize: 16384
2022-Sep-22 09:21:37,931 [Forwarding newSession on session null to remote] io.netty.channel.DefaultChannelId 
  DEBUG -Dio.netty.processId: 32428 (auto-detected)
2022-Sep-22 09:21:37,933 [Forwarding newSession on session null to remote] io.netty.util.NetUtil 
  DEBUG -Djava.net.preferIPv4Stack: false
2022-Sep-22 09:21:37,933 [Forwarding newSession on session null to remote] io.netty.util.NetUtil 
  DEBUG -Djava.net.preferIPv6Addresses: false
2022-Sep-22 09:21:37,943 [Forwarding newSession on session null to remote] io.netty.util.NetUtilInitializations 
  DEBUG Loopback interface: lo (Software Loopback Interface 1, 127.0.0.1)
2022-Sep-22 09:21:37,944 [Forwarding newSession on session null to remote] io.netty.util.NetUtil 
  DEBUG Failed to get SOMAXCONN from sysctl and file \proc\sys\net\core\somaxconn. Default: 200
2022-Sep-22 09:21:37,963 [Forwarding newSession on session null to remote] io.netty.channel.DefaultChannelId 
  DEBUG -Dio.netty.machineId: b4:b5:b6:ff:fe:ae:31:85 (auto-detected)
2022-Sep-22 09:21:38,001 [AsyncHttpClient-1-2] io.netty.buffer.AbstractByteBuf 
  DEBUG -Dio.netty.buffer.checkAccessible: true
2022-Sep-22 09:21:38,002 [AsyncHttpClient-1-2] io.netty.buffer.AbstractByteBuf 
  DEBUG -Dio.netty.buffer.checkBounds: true
2022-Sep-22 09:21:38,002 [AsyncHttpClient-1-2] io.netty.util.ResourceLeakDetectorFactory 
  DEBUG Loaded default ResourceLeakDetector: io.netty.util.ResourceLeakDetector@34bb10d2
2022-Sep-22 09:21:38,019 [AsyncHttpClient-1-2] io.netty.util.Recycler 
  DEBUG -Dio.netty.recycler.maxCapacityPerThread: 4096
2022-Sep-22 09:21:38,020 [AsyncHttpClient-1-2] io.netty.util.Recycler 
  DEBUG -Dio.netty.recycler.ratio: 8
2022-Sep-22 09:21:38,020 [AsyncHttpClient-1-2] io.netty.util.Recycler 
  DEBUG -Dio.netty.recycler.chunkSize: 32
2022-Sep-22 09:21:38,020 [AsyncHttpClient-1-2] io.netty.util.Recycler 
  DEBUG -Dio.netty.recycler.blocking: false
2022-Sep-22 09:21:38,810 [AsyncHttpClient-1-2] io.netty.handler.codec.compression.Brotli 
  DEBUG brotli4j not in the classpath; Brotli support will be unavailable.
2022-Sep-22 09:21:38,971 [main] io.netty.util.internal.ThreadLocalRandom 
  DEBUG -Dio.netty.initialSeedUniquifier: 0x3beac5fb39d88d50
2022-Sep-22 09:21:43,980 [main] com.baseClass.Log 
  INFO     wordPressTest test started successfully
2022-Sep-22 09:21:43,981 [main] com.baseClass.Log 
  INFO  Entering User name
2022-Sep-22 09:21:44,027 [main] com.baseClass.Log 
  INFO  This is AfterSuitMethod
2022-Sep-22 09:22:31,970 [main] com.baseClass.Log 
  INFO  This is BeforeSuitMethod
2022-Sep-22 09:22:32,082 [main] io.netty.util.internal.logging.InternalLoggerFactory 
  DEBUG Using Log4J as the default logging framework
2022-Sep-22 09:22:32,083 [main] io.netty.util.ResourceLeakDetector 
  DEBUG -Dio.netty.leakDetection.level: simple
2022-Sep-22 09:22:32,084 [main] io.netty.util.ResourceLeakDetector 
  DEBUG -Dio.netty.leakDetection.targetRecords: 4
2022-Sep-22 09:22:32,087 [main] io.netty.util.ResourceLeakDetectorFactory 
  DEBUG Loaded default ResourceLeakDetector: io.netty.util.ResourceLeakDetector@6f3187b0
2022-Sep-22 09:22:32,100 [main] io.netty.util.internal.PlatformDependent0 
  DEBUG -Dio.netty.noUnsafe: false
2022-Sep-22 09:22:32,101 [main] io.netty.util.internal.PlatformDependent0 
  DEBUG Java version: 18
2022-Sep-22 09:22:32,101 [main] io.netty.util.internal.PlatformDependent0 
  DEBUG sun.misc.Unsafe.theUnsafe: available
2022-Sep-22 09:22:32,101 [main] io.netty.util.internal.PlatformDependent0 
  DEBUG sun.misc.Unsafe.copyMemory: available
2022-Sep-22 09:22:32,102 [main] io.netty.util.internal.PlatformDependent0 
  DEBUG java.nio.Buffer.address: available
2022-Sep-22 09:22:32,102 [main] io.netty.util.internal.PlatformDependent0 
  DEBUG direct buffer constructor: unavailable: Reflective setAccessible(true) disabled
2022-Sep-22 09:22:32,102 [main] io.netty.util.internal.PlatformDependent0 
  DEBUG java.nio.Bits.unaligned: available, true
2022-Sep-22 09:22:32,103 [main] io.netty.util.internal.PlatformDependent0 
  DEBUG jdk.internal.misc.Unsafe.allocateUninitializedArray(int): unavailable: class io.netty.util.internal.PlatformDependent0$6 cannot access class jdk.internal.misc.Unsafe (in module java.base) because module java.base does not export jdk.internal.misc to unnamed module @497470ed
2022-Sep-22 09:22:32,104 [main] io.netty.util.internal.PlatformDependent0 
  DEBUG java.nio.DirectByteBuffer.<init>(long, int): unavailable
2022-Sep-22 09:22:32,104 [main] io.netty.util.internal.PlatformDependent 
  DEBUG sun.misc.Unsafe: available
2022-Sep-22 09:22:32,112 [main] io.netty.util.internal.PlatformDependent 
  DEBUG maxDirectMemory: 2080374784 bytes (maybe)
2022-Sep-22 09:22:32,112 [main] io.netty.util.internal.PlatformDependent 
  DEBUG -Dio.netty.tmpdir: C:\Users\KISHOR~1\AppData\Local\Temp (java.io.tmpdir)
2022-Sep-22 09:22:32,112 [main] io.netty.util.internal.PlatformDependent 
  DEBUG -Dio.netty.bitMode: 64 (sun.arch.data.model)
2022-Sep-22 09:22:32,113 [main] io.netty.util.internal.PlatformDependent 
  DEBUG Platform: Windows
2022-Sep-22 09:22:32,113 [main] io.netty.util.internal.PlatformDependent 
  DEBUG -Dio.netty.maxDirectMemory: -1 bytes
2022-Sep-22 09:22:32,113 [main] io.netty.util.internal.PlatformDependent 
  DEBUG -Dio.netty.uninitializedArrayAllocationThreshold: -1
2022-Sep-22 09:22:32,114 [main] io.netty.util.internal.CleanerJava9 
  DEBUG java.nio.ByteBuffer.cleaner(): available
2022-Sep-22 09:22:32,114 [main] io.netty.util.internal.PlatformDependent 
  DEBUG -Dio.netty.noPreferDirect: false
2022-Sep-22 09:22:32,120 [main] io.netty.util.internal.PlatformDependent 
  DEBUG org.jctools-core.MpscChunkedArrayQueue: available
2022-Sep-22 09:22:32,131 [main] io.netty.util.internal.InternalThreadLocalMap 
  DEBUG -Dio.netty.threadLocalMap.stringBuilder.initialSize: 1024
2022-Sep-22 09:22:32,131 [main] io.netty.util.internal.InternalThreadLocalMap 
  DEBUG -Dio.netty.threadLocalMap.stringBuilder.maxSize: 4096
2022-Sep-22 09:22:32,258 [main] io.netty.handler.ssl.JdkSslContext 
  DEBUG Default protocols (JDK): [TLSv1.3, TLSv1.2] 
2022-Sep-22 09:22:32,260 [main] io.netty.handler.ssl.JdkSslContext 
  DEBUG Default cipher suites (JDK): [TLS_ECDHE_ECDSA_WITH_AES_256_GCM_SHA384, TLS_ECDHE_ECDSA_WITH_AES_128_GCM_SHA256, TLS_ECDHE_RSA_WITH_AES_128_GCM_SHA256, TLS_ECDHE_RSA_WITH_AES_256_GCM_SHA384, TLS_ECDHE_RSA_WITH_AES_128_CBC_SHA, TLS_ECDHE_RSA_WITH_AES_256_CBC_SHA, TLS_RSA_WITH_AES_128_GCM_SHA256, TLS_RSA_WITH_AES_128_CBC_SHA, TLS_RSA_WITH_AES_256_CBC_SHA, TLS_AES_128_GCM_SHA256, TLS_AES_256_GCM_SHA384]
2022-Sep-22 09:22:32,275 [main] io.netty.channel.MultithreadEventLoopGroup 
  DEBUG -Dio.netty.eventLoopThreads: 8
2022-Sep-22 09:22:32,281 [main] io.netty.channel.nio.NioEventLoop 
  DEBUG -Dio.netty.noKeySetOptimization: false
2022-Sep-22 09:22:32,282 [main] io.netty.channel.nio.NioEventLoop 
  DEBUG -Dio.netty.selectorAutoRebuildThreshold: 512
2022-Sep-22 09:22:32,312 [main] io.netty.buffer.PooledByteBufAllocator 
  DEBUG -Dio.netty.allocator.numHeapArenas: 8
2022-Sep-22 09:22:32,312 [main] io.netty.buffer.PooledByteBufAllocator 
  DEBUG -Dio.netty.allocator.numDirectArenas: 8
2022-Sep-22 09:22:32,312 [main] io.netty.buffer.PooledByteBufAllocator 
  DEBUG -Dio.netty.allocator.pageSize: 8192
2022-Sep-22 09:22:32,312 [main] io.netty.buffer.PooledByteBufAllocator 
  DEBUG -Dio.netty.allocator.maxOrder: 11
2022-Sep-22 09:22:32,312 [main] io.netty.buffer.PooledByteBufAllocator 
  DEBUG -Dio.netty.allocator.chunkSize: 16777216
2022-Sep-22 09:22:32,312 [main] io.netty.buffer.PooledByteBufAllocator 
  DEBUG -Dio.netty.allocator.smallCacheSize: 256
2022-Sep-22 09:22:32,312 [main] io.netty.buffer.PooledByteBufAllocator 
  DEBUG -Dio.netty.allocator.normalCacheSize: 64
2022-Sep-22 09:22:32,312 [main] io.netty.buffer.PooledByteBufAllocator 
  DEBUG -Dio.netty.allocator.maxCachedBufferCapacity: 32768
2022-Sep-22 09:22:32,312 [main] io.netty.buffer.PooledByteBufAllocator 
  DEBUG -Dio.netty.allocator.cacheTrimInterval: 8192
2022-Sep-22 09:22:32,312 [main] io.netty.buffer.PooledByteBufAllocator 
  DEBUG -Dio.netty.allocator.cacheTrimIntervalMillis: 0
2022-Sep-22 09:22:32,312 [main] io.netty.buffer.PooledByteBufAllocator 
  DEBUG -Dio.netty.allocator.useCacheForAllThreads: true
2022-Sep-22 09:22:32,312 [main] io.netty.buffer.PooledByteBufAllocator 
  DEBUG -Dio.netty.allocator.maxCachedByteBuffersPerChunk: 1023
2022-Sep-22 09:22:32,322 [main] io.netty.buffer.ByteBufUtil 
  DEBUG -Dio.netty.allocator.type: pooled
2022-Sep-22 09:22:32,322 [main] io.netty.buffer.ByteBufUtil 
  DEBUG -Dio.netty.threadLocalDirectBufferSize: 0
2022-Sep-22 09:22:32,322 [main] io.netty.buffer.ByteBufUtil 
  DEBUG -Dio.netty.maxThreadLocalCharBufferSize: 16384
2022-Sep-22 09:22:32,590 [Forwarding newSession on session null to remote] io.netty.channel.DefaultChannelId 
  DEBUG -Dio.netty.processId: 28276 (auto-detected)
2022-Sep-22 09:22:32,592 [Forwarding newSession on session null to remote] io.netty.util.NetUtil 
  DEBUG -Djava.net.preferIPv4Stack: false
2022-Sep-22 09:22:32,592 [Forwarding newSession on session null to remote] io.netty.util.NetUtil 
  DEBUG -Djava.net.preferIPv6Addresses: false
2022-Sep-22 09:22:32,602 [Forwarding newSession on session null to remote] io.netty.util.NetUtilInitializations 
  DEBUG Loopback interface: lo (Software Loopback Interface 1, 127.0.0.1)
2022-Sep-22 09:22:32,603 [Forwarding newSession on session null to remote] io.netty.util.NetUtil 
  DEBUG Failed to get SOMAXCONN from sysctl and file \proc\sys\net\core\somaxconn. Default: 200
2022-Sep-22 09:22:32,626 [Forwarding newSession on session null to remote] io.netty.channel.DefaultChannelId 
  DEBUG -Dio.netty.machineId: b4:b5:b6:ff:fe:ae:31:85 (auto-detected)
2022-Sep-22 09:22:32,654 [AsyncHttpClient-1-2] io.netty.buffer.AbstractByteBuf 
  DEBUG -Dio.netty.buffer.checkAccessible: true
2022-Sep-22 09:22:32,654 [AsyncHttpClient-1-2] io.netty.buffer.AbstractByteBuf 
  DEBUG -Dio.netty.buffer.checkBounds: true
2022-Sep-22 09:22:32,654 [AsyncHttpClient-1-2] io.netty.util.ResourceLeakDetectorFactory 
  DEBUG Loaded default ResourceLeakDetector: io.netty.util.ResourceLeakDetector@34bb10d2
2022-Sep-22 09:22:32,668 [AsyncHttpClient-1-2] io.netty.util.Recycler 
  DEBUG -Dio.netty.recycler.maxCapacityPerThread: 4096
2022-Sep-22 09:22:32,668 [AsyncHttpClient-1-2] io.netty.util.Recycler 
  DEBUG -Dio.netty.recycler.ratio: 8
2022-Sep-22 09:22:32,668 [AsyncHttpClient-1-2] io.netty.util.Recycler 
  DEBUG -Dio.netty.recycler.chunkSize: 32
2022-Sep-22 09:22:32,668 [AsyncHttpClient-1-2] io.netty.util.Recycler 
  DEBUG -Dio.netty.recycler.blocking: false
2022-Sep-22 09:22:33,594 [AsyncHttpClient-1-2] io.netty.handler.codec.compression.Brotli 
  DEBUG brotli4j not in the classpath; Brotli support will be unavailable.
2022-Sep-22 09:22:33,731 [main] io.netty.util.internal.ThreadLocalRandom 
  DEBUG -Dio.netty.initialSeedUniquifier: 0x61061bd080ee8635
2022-Sep-22 09:22:39,410 [main] com.baseClass.Log 
  INFO     wordPressTest test started successfully
2022-Sep-22 09:22:39,411 [main] com.baseClass.Log 
  INFO  Entering User name
2022-Sep-22 09:22:39,669 [main] com.baseClass.Log 
  INFO  This is AfterSuitMethod
2022-Sep-22 09:23:32,928 [main] com.baseClass.Log 
  INFO  This is BeforeSuitMethod
2022-Sep-22 09:23:33,042 [main] io.netty.util.internal.logging.InternalLoggerFactory 
  DEBUG Using Log4J as the default logging framework
2022-Sep-22 09:23:33,044 [main] io.netty.util.ResourceLeakDetector 
  DEBUG -Dio.netty.leakDetection.level: simple
2022-Sep-22 09:23:33,044 [main] io.netty.util.ResourceLeakDetector 
  DEBUG -Dio.netty.leakDetection.targetRecords: 4
2022-Sep-22 09:23:33,048 [main] io.netty.util.ResourceLeakDetectorFactory 
  DEBUG Loaded default ResourceLeakDetector: io.netty.util.ResourceLeakDetector@6f3187b0
2022-Sep-22 09:23:33,062 [main] io.netty.util.internal.PlatformDependent0 
  DEBUG -Dio.netty.noUnsafe: false
2022-Sep-22 09:23:33,062 [main] io.netty.util.internal.PlatformDependent0 
  DEBUG Java version: 18
2022-Sep-22 09:23:33,063 [main] io.netty.util.internal.PlatformDependent0 
  DEBUG sun.misc.Unsafe.theUnsafe: available
2022-Sep-22 09:23:33,064 [main] io.netty.util.internal.PlatformDependent0 
  DEBUG sun.misc.Unsafe.copyMemory: available
2022-Sep-22 09:23:33,064 [main] io.netty.util.internal.PlatformDependent0 
  DEBUG java.nio.Buffer.address: available
2022-Sep-22 09:23:33,065 [main] io.netty.util.internal.PlatformDependent0 
  DEBUG direct buffer constructor: unavailable: Reflective setAccessible(true) disabled
2022-Sep-22 09:23:33,065 [main] io.netty.util.internal.PlatformDependent0 
  DEBUG java.nio.Bits.unaligned: available, true
2022-Sep-22 09:23:33,066 [main] io.netty.util.internal.PlatformDependent0 
  DEBUG jdk.internal.misc.Unsafe.allocateUninitializedArray(int): unavailable: class io.netty.util.internal.PlatformDependent0$6 cannot access class jdk.internal.misc.Unsafe (in module java.base) because module java.base does not export jdk.internal.misc to unnamed module @497470ed
2022-Sep-22 09:23:33,067 [main] io.netty.util.internal.PlatformDependent0 
  DEBUG java.nio.DirectByteBuffer.<init>(long, int): unavailable
2022-Sep-22 09:23:33,067 [main] io.netty.util.internal.PlatformDependent 
  DEBUG sun.misc.Unsafe: available
2022-Sep-22 09:23:33,081 [main] io.netty.util.internal.PlatformDependent 
  DEBUG maxDirectMemory: 2080374784 bytes (maybe)
2022-Sep-22 09:23:33,082 [main] io.netty.util.internal.PlatformDependent 
  DEBUG -Dio.netty.tmpdir: C:\Users\KISHOR~1\AppData\Local\Temp (java.io.tmpdir)
2022-Sep-22 09:23:33,082 [main] io.netty.util.internal.PlatformDependent 
  DEBUG -Dio.netty.bitMode: 64 (sun.arch.data.model)
2022-Sep-22 09:23:33,082 [main] io.netty.util.internal.PlatformDependent 
  DEBUG Platform: Windows
2022-Sep-22 09:23:33,083 [main] io.netty.util.internal.PlatformDependent 
  DEBUG -Dio.netty.maxDirectMemory: -1 bytes
2022-Sep-22 09:23:33,083 [main] io.netty.util.internal.PlatformDependent 
  DEBUG -Dio.netty.uninitializedArrayAllocationThreshold: -1
2022-Sep-22 09:23:33,084 [main] io.netty.util.internal.CleanerJava9 
  DEBUG java.nio.ByteBuffer.cleaner(): available
2022-Sep-22 09:23:33,084 [main] io.netty.util.internal.PlatformDependent 
  DEBUG -Dio.netty.noPreferDirect: false
2022-Sep-22 09:23:33,090 [main] io.netty.util.internal.PlatformDependent 
  DEBUG org.jctools-core.MpscChunkedArrayQueue: available
2022-Sep-22 09:23:33,106 [main] io.netty.util.internal.InternalThreadLocalMap 
  DEBUG -Dio.netty.threadLocalMap.stringBuilder.initialSize: 1024
2022-Sep-22 09:23:33,106 [main] io.netty.util.internal.InternalThreadLocalMap 
  DEBUG -Dio.netty.threadLocalMap.stringBuilder.maxSize: 4096
2022-Sep-22 09:23:33,264 [main] io.netty.handler.ssl.JdkSslContext 
  DEBUG Default protocols (JDK): [TLSv1.3, TLSv1.2] 
2022-Sep-22 09:23:33,264 [main] io.netty.handler.ssl.JdkSslContext 
  DEBUG Default cipher suites (JDK): [TLS_ECDHE_ECDSA_WITH_AES_256_GCM_SHA384, TLS_ECDHE_ECDSA_WITH_AES_128_GCM_SHA256, TLS_ECDHE_RSA_WITH_AES_128_GCM_SHA256, TLS_ECDHE_RSA_WITH_AES_256_GCM_SHA384, TLS_ECDHE_RSA_WITH_AES_128_CBC_SHA, TLS_ECDHE_RSA_WITH_AES_256_CBC_SHA, TLS_RSA_WITH_AES_128_GCM_SHA256, TLS_RSA_WITH_AES_128_CBC_SHA, TLS_RSA_WITH_AES_256_CBC_SHA, TLS_AES_128_GCM_SHA256, TLS_AES_256_GCM_SHA384]
2022-Sep-22 09:23:33,281 [main] io.netty.channel.MultithreadEventLoopGroup 
  DEBUG -Dio.netty.eventLoopThreads: 8
2022-Sep-22 09:23:33,287 [main] io.netty.channel.nio.NioEventLoop 
  DEBUG -Dio.netty.noKeySetOptimization: false
2022-Sep-22 09:23:33,287 [main] io.netty.channel.nio.NioEventLoop 
  DEBUG -Dio.netty.selectorAutoRebuildThreshold: 512
2022-Sep-22 09:23:33,318 [main] io.netty.buffer.PooledByteBufAllocator 
  DEBUG -Dio.netty.allocator.numHeapArenas: 8
2022-Sep-22 09:23:33,318 [main] io.netty.buffer.PooledByteBufAllocator 
  DEBUG -Dio.netty.allocator.numDirectArenas: 8
2022-Sep-22 09:23:33,318 [main] io.netty.buffer.PooledByteBufAllocator 
  DEBUG -Dio.netty.allocator.pageSize: 8192
2022-Sep-22 09:23:33,318 [main] io.netty.buffer.PooledByteBufAllocator 
  DEBUG -Dio.netty.allocator.maxOrder: 11
2022-Sep-22 09:23:33,318 [main] io.netty.buffer.PooledByteBufAllocator 
  DEBUG -Dio.netty.allocator.chunkSize: 16777216
2022-Sep-22 09:23:33,318 [main] io.netty.buffer.PooledByteBufAllocator 
  DEBUG -Dio.netty.allocator.smallCacheSize: 256
2022-Sep-22 09:23:33,318 [main] io.netty.buffer.PooledByteBufAllocator 
  DEBUG -Dio.netty.allocator.normalCacheSize: 64
2022-Sep-22 09:23:33,318 [main] io.netty.buffer.PooledByteBufAllocator 
  DEBUG -Dio.netty.allocator.maxCachedBufferCapacity: 32768
2022-Sep-22 09:23:33,318 [main] io.netty.buffer.PooledByteBufAllocator 
  DEBUG -Dio.netty.allocator.cacheTrimInterval: 8192
2022-Sep-22 09:23:33,318 [main] io.netty.buffer.PooledByteBufAllocator 
  DEBUG -Dio.netty.allocator.cacheTrimIntervalMillis: 0
2022-Sep-22 09:23:33,318 [main] io.netty.buffer.PooledByteBufAllocator 
  DEBUG -Dio.netty.allocator.useCacheForAllThreads: true
2022-Sep-22 09:23:33,319 [main] io.netty.buffer.PooledByteBufAllocator 
  DEBUG -Dio.netty.allocator.maxCachedByteBuffersPerChunk: 1023
2022-Sep-22 09:23:33,325 [main] io.netty.buffer.ByteBufUtil 
  DEBUG -Dio.netty.allocator.type: pooled
2022-Sep-22 09:23:33,325 [main] io.netty.buffer.ByteBufUtil 
  DEBUG -Dio.netty.threadLocalDirectBufferSize: 0
2022-Sep-22 09:23:33,326 [main] io.netty.buffer.ByteBufUtil 
  DEBUG -Dio.netty.maxThreadLocalCharBufferSize: 16384
2022-Sep-22 09:23:33,587 [Forwarding newSession on session null to remote] io.netty.channel.DefaultChannelId 
  DEBUG -Dio.netty.processId: 29932 (auto-detected)
2022-Sep-22 09:23:33,589 [Forwarding newSession on session null to remote] io.netty.util.NetUtil 
  DEBUG -Djava.net.preferIPv4Stack: false
2022-Sep-22 09:23:33,589 [Forwarding newSession on session null to remote] io.netty.util.NetUtil 
  DEBUG -Djava.net.preferIPv6Addresses: false
2022-Sep-22 09:23:33,598 [Forwarding newSession on session null to remote] io.netty.util.NetUtilInitializations 
  DEBUG Loopback interface: lo (Software Loopback Interface 1, 127.0.0.1)
2022-Sep-22 09:23:33,599 [Forwarding newSession on session null to remote] io.netty.util.NetUtil 
  DEBUG Failed to get SOMAXCONN from sysctl and file \proc\sys\net\core\somaxconn. Default: 200
2022-Sep-22 09:23:33,620 [Forwarding newSession on session null to remote] io.netty.channel.DefaultChannelId 
  DEBUG -Dio.netty.machineId: b4:b5:b6:ff:fe:ae:31:85 (auto-detected)
2022-Sep-22 09:23:33,652 [AsyncHttpClient-1-2] io.netty.buffer.AbstractByteBuf 
  DEBUG -Dio.netty.buffer.checkAccessible: true
2022-Sep-22 09:23:33,652 [AsyncHttpClient-1-2] io.netty.buffer.AbstractByteBuf 
  DEBUG -Dio.netty.buffer.checkBounds: true
2022-Sep-22 09:23:33,652 [AsyncHttpClient-1-2] io.netty.util.ResourceLeakDetectorFactory 
  DEBUG Loaded default ResourceLeakDetector: io.netty.util.ResourceLeakDetector@34bb10d2
2022-Sep-22 09:23:33,667 [AsyncHttpClient-1-2] io.netty.util.Recycler 
  DEBUG -Dio.netty.recycler.maxCapacityPerThread: 4096
2022-Sep-22 09:23:33,667 [AsyncHttpClient-1-2] io.netty.util.Recycler 
  DEBUG -Dio.netty.recycler.ratio: 8
2022-Sep-22 09:23:33,667 [AsyncHttpClient-1-2] io.netty.util.Recycler 
  DEBUG -Dio.netty.recycler.chunkSize: 32
2022-Sep-22 09:23:33,667 [AsyncHttpClient-1-2] io.netty.util.Recycler 
  DEBUG -Dio.netty.recycler.blocking: false
2022-Sep-22 09:23:34,469 [AsyncHttpClient-1-2] io.netty.handler.codec.compression.Brotli 
  DEBUG brotli4j not in the classpath; Brotli support will be unavailable.
2022-Sep-22 09:23:34,594 [main] io.netty.util.internal.ThreadLocalRandom 
  DEBUG -Dio.netty.initialSeedUniquifier: 0x94039369d38c5573
2022-Sep-22 09:23:40,353 [main] com.baseClass.Log 
  INFO     wordPressTest test started successfully
2022-Sep-22 09:23:40,353 [main] com.baseClass.Log 
  INFO  Entering User name
2022-Sep-22 09:23:42,441 [main] com.baseClass.Log 
  INFO  Entering Password
2022-Sep-22 09:23:44,516 [main] com.baseClass.Log 
  INFO  Clicking on login button
2022-Sep-22 09:23:46,583 [main] com.baseClass.Log 
  INFO  Entering on Home PAge
2022-Sep-22 09:23:46,583 [main] com.baseClass.Log 
  INFO  Verifing Home PAge URL
2022-Sep-22 09:23:50,033 [main] com.baseClass.Log 
  INFO  URL Matches
2022-Sep-22 09:23:50,033 [main] com.baseClass.Log 
  INFO     wordPressTest test ended successfully
2022-Sep-22 09:23:50,249 [main] com.baseClass.Log 
  INFO  This is AfterSuitMethod
